Elasticsearch Bulk Operation Error Log
Index: datatable1-index
Timestamp: 2025-06-17T20:41:43.603Z
Total Errors: 51

ERROR PATTERNS:
================

1. mapper_parsing_exception in field "data.age_at_diagnosis"
   Reason: Expected integer, but got string values
   Count: 51 records
   Sample values: PD059901, PD059902, PD059903
   Sample documents: sPygf5cB34jpPefgVUSt, sfygf5cB34jpPefgVUSt, svygf5cB34jpPefgVUSt


DETAILED ERRORS:
=================

Record 0:
  Document ID: sPygf5cB34jpPefgVUSt
  Status: 400
  Error: {
  "type": "mapper_parsing_exception",
  "reason": "failed to parse field [data.age_at_diagnosis] of type [integer] in document with id 'sPygf5cB34jpPefgVUSt'. Preview of field's value: 'PD059901'",
  "caused_by": {
    "type": "number_format_exception",
    "reason": "For input string: \"PD059901\""
  }
}

Record 1:
  Document ID: sfygf5cB34jpPefgVUSt
  Status: 400
  Error: {
  "type": "mapper_parsing_exception",
  "reason": "failed to parse field [data.age_at_diagnosis] of type [integer] in document with id 'sfygf5cB34jpPefgVUSt'. Preview of field's value: 'PD059902'",
  "caused_by": {
    "type": "number_format_exception",
    "reason": "For input string: \"PD059902\""
  }
}

Record 2:
  Document ID: svygf5cB34jpPefgVUSt
  Status: 400
  Error: {
  "type": "mapper_parsing_exception",
  "reason": "failed to parse field [data.age_at_diagnosis] of type [integer] in document with id 'svygf5cB34jpPefgVUSt'. Preview of field's value: 'PD059903'",
  "caused_by": {
    "type": "number_format_exception",
    "reason": "For input string: \"PD059903\""
  }
}

Record 3:
  Document ID: s_ygf5cB34jpPefgVUSt
  Status: 400
  Error: {
  "type": "mapper_parsing_exception",
  "reason": "failed to parse field [data.age_at_diagnosis] of type [integer] in document with id 's_ygf5cB34jpPefgVUSt'. Preview of field's value: 'PD059904'",
  "caused_by": {
    "type": "number_format_exception",
    "reason": "For input string: \"PD059904\""
  }
}

Record 4:
  Document ID: tPygf5cB34jpPefgVUSt
  Status: 400
  Error: {
  "type": "mapper_parsing_exception",
  "reason": "failed to parse field [data.age_at_diagnosis] of type [integer] in document with id 'tPygf5cB34jpPefgVUSt'. Preview of field's value: 'PD059905'",
  "caused_by": {
    "type": "number_format_exception",
    "reason": "For input string: \"PD059905\""
  }
}

Record 5:
  Document ID: tfygf5cB34jpPefgVUSt
  Status: 400
  Error: {
  "type": "mapper_parsing_exception",
  "reason": "failed to parse field [data.age_at_diagnosis] of type [integer] in document with id 'tfygf5cB34jpPefgVUSt'. Preview of field's value: 'PD059906'",
  "caused_by": {
    "type": "number_format_exception",
    "reason": "For input string: \"PD059906\""
  }
}

Record 6:
  Document ID: tvygf5cB34jpPefgVUSt
  Status: 400
  Error: {
  "type": "mapper_parsing_exception",
  "reason": "failed to parse field [data.age_at_diagnosis] of type [integer] in document with id 'tvygf5cB34jpPefgVUSt'. Preview of field's value: 'PD059907'",
  "caused_by": {
    "type": "number_format_exception",
    "reason": "For input string: \"PD059907\""
  }
}

Record 7:
  Document ID: t_ygf5cB34jpPefgVUSt
  Status: 400
  Error: {
  "type": "mapper_parsing_exception",
  "reason": "failed to parse field [data.age_at_diagnosis] of type [integer] in document with id 't_ygf5cB34jpPefgVUSt'. Preview of field's value: 'PD059908'",
  "caused_by": {
    "type": "number_format_exception",
    "reason": "For input string: \"PD059908\""
  }
}

Record 8:
  Document ID: uPygf5cB34jpPefgVUSt
  Status: 400
  Error: {
  "type": "mapper_parsing_exception",
  "reason": "failed to parse field [data.age_at_diagnosis] of type [integer] in document with id 'uPygf5cB34jpPefgVUSt'. Preview of field's value: 'PD059909'",
  "caused_by": {
    "type": "number_format_exception",
    "reason": "For input string: \"PD059909\""
  }
}

Record 9:
  Document ID: ufygf5cB34jpPefgVUSt
  Status: 400
  Error: {
  "type": "mapper_parsing_exception",
  "reason": "failed to parse field [data.age_at_diagnosis] of type [integer] in document with id 'ufygf5cB34jpPefgVUSt'. Preview of field's value: 'PD059910'",
  "caused_by": {
    "type": "number_format_exception",
    "reason": "For input string: \"PD059910\""
  }
}

Record 10:
  Document ID: uvygf5cB34jpPefgVUSt
  Status: 400
  Error: {
  "type": "mapper_parsing_exception",
  "reason": "failed to parse field [data.age_at_diagnosis] of type [integer] in document with id 'uvygf5cB34jpPefgVUSt'. Preview of field's value: 'PD059911'",
  "caused_by": {
    "type": "number_format_exception",
    "reason": "For input string: \"PD059911\""
  }
}

Record 11:
  Document ID: u_ygf5cB34jpPefgVUSt
  Status: 400
  Error: {
  "type": "mapper_parsing_exception",
  "reason": "failed to parse field [data.age_at_diagnosis] of type [integer] in document with id 'u_ygf5cB34jpPefgVUSt'. Preview of field's value: 'PD059912'",
  "caused_by": {
    "type": "number_format_exception",
    "reason": "For input string: \"PD059912\""
  }
}

Record 12:
  Document ID: vPygf5cB34jpPefgVUSt
  Status: 400
  Error: {
  "type": "mapper_parsing_exception",
  "reason": "failed to parse field [data.age_at_diagnosis] of type [integer] in document with id 'vPygf5cB34jpPefgVUSt'. Preview of field's value: 'PD059913'",
  "caused_by": {
    "type": "number_format_exception",
    "reason": "For input string: \"PD059913\""
  }
}

Record 13:
  Document ID: vfygf5cB34jpPefgVUSt
  Status: 400
  Error: {
  "type": "mapper_parsing_exception",
  "reason": "failed to parse field [data.age_at_diagnosis] of type [integer] in document with id 'vfygf5cB34jpPefgVUSt'. Preview of field's value: 'PD059914'",
  "caused_by": {
    "type": "number_format_exception",
    "reason": "For input string: \"PD059914\""
  }
}

Record 14:
  Document ID: vvygf5cB34jpPefgVUSt
  Status: 400
  Error: {
  "type": "mapper_parsing_exception",
  "reason": "failed to parse field [data.age_at_diagnosis] of type [integer] in document with id 'vvygf5cB34jpPefgVUSt'. Preview of field's value: 'PD059915'",
  "caused_by": {
    "type": "number_format_exception",
    "reason": "For input string: \"PD059915\""
  }
}

Record 15:
  Document ID: v_ygf5cB34jpPefgVUSt
  Status: 400
  Error: {
  "type": "mapper_parsing_exception",
  "reason": "failed to parse field [data.age_at_diagnosis] of type [integer] in document with id 'v_ygf5cB34jpPefgVUSt'. Preview of field's value: 'PD059916'",
  "caused_by": {
    "type": "number_format_exception",
    "reason": "For input string: \"PD059916\""
  }
}

Record 16:
  Document ID: wPygf5cB34jpPefgVUSt
  Status: 400
  Error: {
  "type": "mapper_parsing_exception",
  "reason": "failed to parse field [data.age_at_diagnosis] of type [integer] in document with id 'wPygf5cB34jpPefgVUSt'. Preview of field's value: 'PD059917'",
  "caused_by": {
    "type": "number_format_exception",
    "reason": "For input string: \"PD059917\""
  }
}

Record 17:
  Document ID: wfygf5cB34jpPefgVUSt
  Status: 400
  Error: {
  "type": "mapper_parsing_exception",
  "reason": "failed to parse field [data.age_at_diagnosis] of type [integer] in document with id 'wfygf5cB34jpPefgVUSt'. Preview of field's value: 'PD059918'",
  "caused_by": {
    "type": "number_format_exception",
    "reason": "For input string: \"PD059918\""
  }
}

Record 18:
  Document ID: wvygf5cB34jpPefgVUSt
  Status: 400
  Error: {
  "type": "mapper_parsing_exception",
  "reason": "failed to parse field [data.age_at_diagnosis] of type [integer] in document with id 'wvygf5cB34jpPefgVUSt'. Preview of field's value: 'PD059919'",
  "caused_by": {
    "type": "number_format_exception",
    "reason": "For input string: \"PD059919\""
  }
}

Record 19:
  Document ID: w_ygf5cB34jpPefgVUSt
  Status: 400
  Error: {
  "type": "mapper_parsing_exception",
  "reason": "failed to parse field [data.age_at_diagnosis] of type [integer] in document with id 'w_ygf5cB34jpPefgVUSt'. Preview of field's value: 'PD059920'",
  "caused_by": {
    "type": "number_format_exception",
    "reason": "For input string: \"PD059920\""
  }
}

Record 20:
  Document ID: xPygf5cB34jpPefgVUSt
  Status: 400
  Error: {
  "type": "mapper_parsing_exception",
  "reason": "failed to parse field [data.age_at_diagnosis] of type [integer] in document with id 'xPygf5cB34jpPefgVUSt'. Preview of field's value: 'PD059921'",
  "caused_by": {
    "type": "number_format_exception",
    "reason": "For input string: \"PD059921\""
  }
}

Record 21:
  Document ID: xfygf5cB34jpPefgVUSt
  Status: 400
  Error: {
  "type": "mapper_parsing_exception",
  "reason": "failed to parse field [data.age_at_diagnosis] of type [integer] in document with id 'xfygf5cB34jpPefgVUSt'. Preview of field's value: 'PD059922'",
  "caused_by": {
    "type": "number_format_exception",
    "reason": "For input string: \"PD059922\""
  }
}

Record 22:
  Document ID: xvygf5cB34jpPefgVUSt
  Status: 400
  Error: {
  "type": "mapper_parsing_exception",
  "reason": "failed to parse field [data.age_at_diagnosis] of type [integer] in document with id 'xvygf5cB34jpPefgVUSt'. Preview of field's value: 'PD059923'",
  "caused_by": {
    "type": "number_format_exception",
    "reason": "For input string: \"PD059923\""
  }
}

Record 23:
  Document ID: x_ygf5cB34jpPefgVUSt
  Status: 400
  Error: {
  "type": "mapper_parsing_exception",
  "reason": "failed to parse field [data.age_at_diagnosis] of type [integer] in document with id 'x_ygf5cB34jpPefgVUSt'. Preview of field's value: 'PD059924'",
  "caused_by": {
    "type": "number_format_exception",
    "reason": "For input string: \"PD059924\""
  }
}

Record 24:
  Document ID: yPygf5cB34jpPefgVUSt
  Status: 400
  Error: {
  "type": "mapper_parsing_exception",
  "reason": "failed to parse field [data.age_at_diagnosis] of type [integer] in document with id 'yPygf5cB34jpPefgVUSt'. Preview of field's value: 'PD059925'",
  "caused_by": {
    "type": "number_format_exception",
    "reason": "For input string: \"PD059925\""
  }
}

Record 25:
  Document ID: yfygf5cB34jpPefgVUSt
  Status: 400
  Error: {
  "type": "mapper_parsing_exception",
  "reason": "failed to parse field [data.age_at_diagnosis] of type [integer] in document with id 'yfygf5cB34jpPefgVUSt'. Preview of field's value: 'PD059926'",
  "caused_by": {
    "type": "number_format_exception",
    "reason": "For input string: \"PD059926\""
  }
}

Record 26:
  Document ID: yvygf5cB34jpPefgVUSt
  Status: 400
  Error: {
  "type": "mapper_parsing_exception",
  "reason": "failed to parse field [data.age_at_diagnosis] of type [integer] in document with id 'yvygf5cB34jpPefgVUSt'. Preview of field's value: 'PD059927'",
  "caused_by": {
    "type": "number_format_exception",
    "reason": "For input string: \"PD059927\""
  }
}

Record 27:
  Document ID: y_ygf5cB34jpPefgVUSt
  Status: 400
  Error: {
  "type": "mapper_parsing_exception",
  "reason": "failed to parse field [data.age_at_diagnosis] of type [integer] in document with id 'y_ygf5cB34jpPefgVUSt'. Preview of field's value: 'PD059928'",
  "caused_by": {
    "type": "number_format_exception",
    "reason": "For input string: \"PD059928\""
  }
}

Record 28:
  Document ID: zPygf5cB34jpPefgVUSt
  Status: 400
  Error: {
  "type": "mapper_parsing_exception",
  "reason": "failed to parse field [data.age_at_diagnosis] of type [integer] in document with id 'zPygf5cB34jpPefgVUSt'. Preview of field's value: 'PD059929'",
  "caused_by": {
    "type": "number_format_exception",
    "reason": "For input string: \"PD059929\""
  }
}

Record 29:
  Document ID: zfygf5cB34jpPefgVUSt
  Status: 400
  Error: {
  "type": "mapper_parsing_exception",
  "reason": "failed to parse field [data.age_at_diagnosis] of type [integer] in document with id 'zfygf5cB34jpPefgVUSt'. Preview of field's value: 'PD059930'",
  "caused_by": {
    "type": "number_format_exception",
    "reason": "For input string: \"PD059930\""
  }
}

Record 30:
  Document ID: zvygf5cB34jpPefgVUSt
  Status: 400
  Error: {
  "type": "mapper_parsing_exception",
  "reason": "failed to parse field [data.age_at_diagnosis] of type [integer] in document with id 'zvygf5cB34jpPefgVUSt'. Preview of field's value: 'PD059931'",
  "caused_by": {
    "type": "number_format_exception",
    "reason": "For input string: \"PD059931\""
  }
}

Record 31:
  Document ID: z_ygf5cB34jpPefgVUSt
  Status: 400
  Error: {
  "type": "mapper_parsing_exception",
  "reason": "failed to parse field [data.age_at_diagnosis] of type [integer] in document with id 'z_ygf5cB34jpPefgVUSt'. Preview of field's value: 'PD059932'",
  "caused_by": {
    "type": "number_format_exception",
    "reason": "For input string: \"PD059932\""
  }
}

Record 32:
  Document ID: 0Pygf5cB34jpPefgVUSt
  Status: 400
  Error: {
  "type": "mapper_parsing_exception",
  "reason": "failed to parse field [data.age_at_diagnosis] of type [integer] in document with id '0Pygf5cB34jpPefgVUSt'. Preview of field's value: 'PD059933'",
  "caused_by": {
    "type": "number_format_exception",
    "reason": "For input string: \"PD059933\""
  }
}

Record 33:
  Document ID: 0fygf5cB34jpPefgVUSt
  Status: 400
  Error: {
  "type": "mapper_parsing_exception",
  "reason": "failed to parse field [data.age_at_diagnosis] of type [integer] in document with id '0fygf5cB34jpPefgVUSt'. Preview of field's value: 'PD059934'",
  "caused_by": {
    "type": "number_format_exception",
    "reason": "For input string: \"PD059934\""
  }
}

Record 34:
  Document ID: 0vygf5cB34jpPefgVUSt
  Status: 400
  Error: {
  "type": "mapper_parsing_exception",
  "reason": "failed to parse field [data.age_at_diagnosis] of type [integer] in document with id '0vygf5cB34jpPefgVUSt'. Preview of field's value: 'PD059935'",
  "caused_by": {
    "type": "number_format_exception",
    "reason": "For input string: \"PD059935\""
  }
}

Record 35:
  Document ID: 0_ygf5cB34jpPefgVUSt
  Status: 400
  Error: {
  "type": "mapper_parsing_exception",
  "reason": "failed to parse field [data.age_at_diagnosis] of type [integer] in document with id '0_ygf5cB34jpPefgVUSt'. Preview of field's value: 'PD059936'",
  "caused_by": {
    "type": "number_format_exception",
    "reason": "For input string: \"PD059936\""
  }
}

Record 36:
  Document ID: 1Pygf5cB34jpPefgVUSt
  Status: 400
  Error: {
  "type": "mapper_parsing_exception",
  "reason": "failed to parse field [data.age_at_diagnosis] of type [integer] in document with id '1Pygf5cB34jpPefgVUSt'. Preview of field's value: 'PD059937'",
  "caused_by": {
    "type": "number_format_exception",
    "reason": "For input string: \"PD059937\""
  }
}

Record 37:
  Document ID: 1fygf5cB34jpPefgVUSt
  Status: 400
  Error: {
  "type": "mapper_parsing_exception",
  "reason": "failed to parse field [data.age_at_diagnosis] of type [integer] in document with id '1fygf5cB34jpPefgVUSt'. Preview of field's value: 'PD059938'",
  "caused_by": {
    "type": "number_format_exception",
    "reason": "For input string: \"PD059938\""
  }
}

Record 38:
  Document ID: 1vygf5cB34jpPefgVUSt
  Status: 400
  Error: {
  "type": "mapper_parsing_exception",
  "reason": "failed to parse field [data.age_at_diagnosis] of type [integer] in document with id '1vygf5cB34jpPefgVUSt'. Preview of field's value: 'PD059939'",
  "caused_by": {
    "type": "number_format_exception",
    "reason": "For input string: \"PD059939\""
  }
}

Record 39:
  Document ID: 1_ygf5cB34jpPefgVUSt
  Status: 400
  Error: {
  "type": "mapper_parsing_exception",
  "reason": "failed to parse field [data.age_at_diagnosis] of type [integer] in document with id '1_ygf5cB34jpPefgVUSt'. Preview of field's value: 'PD059940'",
  "caused_by": {
    "type": "number_format_exception",
    "reason": "For input string: \"PD059940\""
  }
}

Record 40:
  Document ID: 2Pygf5cB34jpPefgVUSt
  Status: 400
  Error: {
  "type": "mapper_parsing_exception",
  "reason": "failed to parse field [data.age_at_diagnosis] of type [integer] in document with id '2Pygf5cB34jpPefgVUSt'. Preview of field's value: 'PD059941'",
  "caused_by": {
    "type": "number_format_exception",
    "reason": "For input string: \"PD059941\""
  }
}

Record 41:
  Document ID: 2fygf5cB34jpPefgVUSt
  Status: 400
  Error: {
  "type": "mapper_parsing_exception",
  "reason": "failed to parse field [data.age_at_diagnosis] of type [integer] in document with id '2fygf5cB34jpPefgVUSt'. Preview of field's value: 'PD059942'",
  "caused_by": {
    "type": "number_format_exception",
    "reason": "For input string: \"PD059942\""
  }
}

Record 42:
  Document ID: 2vygf5cB34jpPefgVUSt
  Status: 400
  Error: {
  "type": "mapper_parsing_exception",
  "reason": "failed to parse field [data.age_at_diagnosis] of type [integer] in document with id '2vygf5cB34jpPefgVUSt'. Preview of field's value: 'PD059943'",
  "caused_by": {
    "type": "number_format_exception",
    "reason": "For input string: \"PD059943\""
  }
}

Record 43:
  Document ID: 2_ygf5cB34jpPefgVUSt
  Status: 400
  Error: {
  "type": "mapper_parsing_exception",
  "reason": "failed to parse field [data.age_at_diagnosis] of type [integer] in document with id '2_ygf5cB34jpPefgVUSt'. Preview of field's value: 'PD059944'",
  "caused_by": {
    "type": "number_format_exception",
    "reason": "For input string: \"PD059944\""
  }
}

Record 44:
  Document ID: 3Pygf5cB34jpPefgVUSt
  Status: 400
  Error: {
  "type": "mapper_parsing_exception",
  "reason": "failed to parse field [data.age_at_diagnosis] of type [integer] in document with id '3Pygf5cB34jpPefgVUSt'. Preview of field's value: 'PD059945'",
  "caused_by": {
    "type": "number_format_exception",
    "reason": "For input string: \"PD059945\""
  }
}

Record 45:
  Document ID: 3fygf5cB34jpPefgVUSt
  Status: 400
  Error: {
  "type": "mapper_parsing_exception",
  "reason": "failed to parse field [data.age_at_diagnosis] of type [integer] in document with id '3fygf5cB34jpPefgVUSt'. Preview of field's value: 'PD059946'",
  "caused_by": {
    "type": "number_format_exception",
    "reason": "For input string: \"PD059946\""
  }
}

Record 46:
  Document ID: 3vygf5cB34jpPefgVUSt
  Status: 400
  Error: {
  "type": "mapper_parsing_exception",
  "reason": "failed to parse field [data.age_at_diagnosis] of type [integer] in document with id '3vygf5cB34jpPefgVUSt'. Preview of field's value: 'PD059947'",
  "caused_by": {
    "type": "number_format_exception",
    "reason": "For input string: \"PD059947\""
  }
}

Record 47:
  Document ID: 3_ygf5cB34jpPefgVUSt
  Status: 400
  Error: {
  "type": "mapper_parsing_exception",
  "reason": "failed to parse field [data.age_at_diagnosis] of type [integer] in document with id '3_ygf5cB34jpPefgVUSt'. Preview of field's value: 'PD059948'",
  "caused_by": {
    "type": "number_format_exception",
    "reason": "For input string: \"PD059948\""
  }
}

Record 48:
  Document ID: 4Pygf5cB34jpPefgVUSt
  Status: 400
  Error: {
  "type": "mapper_parsing_exception",
  "reason": "failed to parse field [data.age_at_diagnosis] of type [integer] in document with id '4Pygf5cB34jpPefgVUSt'. Preview of field's value: 'PD059949'",
  "caused_by": {
    "type": "number_format_exception",
    "reason": "For input string: \"PD059949\""
  }
}

Record 49:
  Document ID: 4fygf5cB34jpPefgVUSt
  Status: 400
  Error: {
  "type": "mapper_parsing_exception",
  "reason": "failed to parse field [data.age_at_diagnosis] of type [integer] in document with id '4fygf5cB34jpPefgVUSt'. Preview of field's value: 'PD059950'",
  "caused_by": {
    "type": "number_format_exception",
    "reason": "For input string: \"PD059950\""
  }
}

Record 50:
  Document ID: 4vygf5cB34jpPefgVUSt
  Status: 400
  Error: {
  "type": "mapper_parsing_exception",
  "reason": "failed to parse field [data.age_at_diagnosis] of type [integer] in document with id '4vygf5cB34jpPefgVUSt'. Preview of field's value: 'PD059951'",
  "caused_by": {
    "type": "number_format_exception",
    "reason": "For input string: \"PD059951\""
  }
}

