Elasticsearch Bulk Operation Error Log
Index: datatable1-index
Timestamp: 2025-06-17T20:36:41.336Z
Total Errors: 51

ERROR PATTERNS:
================

1. mapper_parsing_exception in field "data.age_at_diagnosis"
   Reason: Expected integer, but got string values
   Count: 51 records
   Sample values: PD059901, PD059902, PD059903
   Sample documents: hvybf5cB34jpPefguDvu, h_ybf5cB34jpPefguDvu, iPybf5cB34jpPefguDvu


DETAILED ERRORS:
=================

Record 0:
  Document ID: hvybf5cB34jpPefguDvu
  Status: 400
  Error: {
  "type": "mapper_parsing_exception",
  "reason": "failed to parse field [data.age_at_diagnosis] of type [integer] in document with id 'hvybf5cB34jpPefguDvu'. Preview of field's value: 'PD059901'",
  "caused_by": {
    "type": "number_format_exception",
    "reason": "For input string: \"PD059901\""
  }
}

Record 1:
  Document ID: h_ybf5cB34jpPefguDvu
  Status: 400
  Error: {
  "type": "mapper_parsing_exception",
  "reason": "failed to parse field [data.age_at_diagnosis] of type [integer] in document with id 'h_ybf5cB34jpPefguDvu'. Preview of field's value: 'PD059902'",
  "caused_by": {
    "type": "number_format_exception",
    "reason": "For input string: \"PD059902\""
  }
}

Record 2:
  Document ID: iPybf5cB34jpPefguDvu
  Status: 400
  Error: {
  "type": "mapper_parsing_exception",
  "reason": "failed to parse field [data.age_at_diagnosis] of type [integer] in document with id 'iPybf5cB34jpPefguDvu'. Preview of field's value: 'PD059903'",
  "caused_by": {
    "type": "number_format_exception",
    "reason": "For input string: \"PD059903\""
  }
}

Record 3:
  Document ID: ifybf5cB34jpPefguDvu
  Status: 400
  Error: {
  "type": "mapper_parsing_exception",
  "reason": "failed to parse field [data.age_at_diagnosis] of type [integer] in document with id 'ifybf5cB34jpPefguDvu'. Preview of field's value: 'PD059904'",
  "caused_by": {
    "type": "number_format_exception",
    "reason": "For input string: \"PD059904\""
  }
}

Record 4:
  Document ID: ivybf5cB34jpPefguDvu
  Status: 400
  Error: {
  "type": "mapper_parsing_exception",
  "reason": "failed to parse field [data.age_at_diagnosis] of type [integer] in document with id 'ivybf5cB34jpPefguDvu'. Preview of field's value: 'PD059905'",
  "caused_by": {
    "type": "number_format_exception",
    "reason": "For input string: \"PD059905\""
  }
}

Record 5:
  Document ID: i_ybf5cB34jpPefguDvu
  Status: 400
  Error: {
  "type": "mapper_parsing_exception",
  "reason": "failed to parse field [data.age_at_diagnosis] of type [integer] in document with id 'i_ybf5cB34jpPefguDvu'. Preview of field's value: 'PD059906'",
  "caused_by": {
    "type": "number_format_exception",
    "reason": "For input string: \"PD059906\""
  }
}

Record 6:
  Document ID: jPybf5cB34jpPefguDvu
  Status: 400
  Error: {
  "type": "mapper_parsing_exception",
  "reason": "failed to parse field [data.age_at_diagnosis] of type [integer] in document with id 'jPybf5cB34jpPefguDvu'. Preview of field's value: 'PD059907'",
  "caused_by": {
    "type": "number_format_exception",
    "reason": "For input string: \"PD059907\""
  }
}

Record 7:
  Document ID: jfybf5cB34jpPefguDvu
  Status: 400
  Error: {
  "type": "mapper_parsing_exception",
  "reason": "failed to parse field [data.age_at_diagnosis] of type [integer] in document with id 'jfybf5cB34jpPefguDvu'. Preview of field's value: 'PD059908'",
  "caused_by": {
    "type": "number_format_exception",
    "reason": "For input string: \"PD059908\""
  }
}

Record 8:
  Document ID: jvybf5cB34jpPefguDvu
  Status: 400
  Error: {
  "type": "mapper_parsing_exception",
  "reason": "failed to parse field [data.age_at_diagnosis] of type [integer] in document with id 'jvybf5cB34jpPefguDvu'. Preview of field's value: 'PD059909'",
  "caused_by": {
    "type": "number_format_exception",
    "reason": "For input string: \"PD059909\""
  }
}

Record 9:
  Document ID: j_ybf5cB34jpPefguDvu
  Status: 400
  Error: {
  "type": "mapper_parsing_exception",
  "reason": "failed to parse field [data.age_at_diagnosis] of type [integer] in document with id 'j_ybf5cB34jpPefguDvu'. Preview of field's value: 'PD059910'",
  "caused_by": {
    "type": "number_format_exception",
    "reason": "For input string: \"PD059910\""
  }
}

Record 10:
  Document ID: kPybf5cB34jpPefguDvu
  Status: 400
  Error: {
  "type": "mapper_parsing_exception",
  "reason": "failed to parse field [data.age_at_diagnosis] of type [integer] in document with id 'kPybf5cB34jpPefguDvu'. Preview of field's value: 'PD059911'",
  "caused_by": {
    "type": "number_format_exception",
    "reason": "For input string: \"PD059911\""
  }
}

Record 11:
  Document ID: kfybf5cB34jpPefguDvu
  Status: 400
  Error: {
  "type": "mapper_parsing_exception",
  "reason": "failed to parse field [data.age_at_diagnosis] of type [integer] in document with id 'kfybf5cB34jpPefguDvu'. Preview of field's value: 'PD059912'",
  "caused_by": {
    "type": "number_format_exception",
    "reason": "For input string: \"PD059912\""
  }
}

Record 12:
  Document ID: kvybf5cB34jpPefguDvu
  Status: 400
  Error: {
  "type": "mapper_parsing_exception",
  "reason": "failed to parse field [data.age_at_diagnosis] of type [integer] in document with id 'kvybf5cB34jpPefguDvu'. Preview of field's value: 'PD059913'",
  "caused_by": {
    "type": "number_format_exception",
    "reason": "For input string: \"PD059913\""
  }
}

Record 13:
  Document ID: k_ybf5cB34jpPefguDvu
  Status: 400
  Error: {
  "type": "mapper_parsing_exception",
  "reason": "failed to parse field [data.age_at_diagnosis] of type [integer] in document with id 'k_ybf5cB34jpPefguDvu'. Preview of field's value: 'PD059914'",
  "caused_by": {
    "type": "number_format_exception",
    "reason": "For input string: \"PD059914\""
  }
}

Record 14:
  Document ID: lPybf5cB34jpPefguDvu
  Status: 400
  Error: {
  "type": "mapper_parsing_exception",
  "reason": "failed to parse field [data.age_at_diagnosis] of type [integer] in document with id 'lPybf5cB34jpPefguDvu'. Preview of field's value: 'PD059915'",
  "caused_by": {
    "type": "number_format_exception",
    "reason": "For input string: \"PD059915\""
  }
}

Record 15:
  Document ID: lfybf5cB34jpPefguDvu
  Status: 400
  Error: {
  "type": "mapper_parsing_exception",
  "reason": "failed to parse field [data.age_at_diagnosis] of type [integer] in document with id 'lfybf5cB34jpPefguDvu'. Preview of field's value: 'PD059916'",
  "caused_by": {
    "type": "number_format_exception",
    "reason": "For input string: \"PD059916\""
  }
}

Record 16:
  Document ID: lvybf5cB34jpPefguDvu
  Status: 400
  Error: {
  "type": "mapper_parsing_exception",
  "reason": "failed to parse field [data.age_at_diagnosis] of type [integer] in document with id 'lvybf5cB34jpPefguDvu'. Preview of field's value: 'PD059917'",
  "caused_by": {
    "type": "number_format_exception",
    "reason": "For input string: \"PD059917\""
  }
}

Record 17:
  Document ID: l_ybf5cB34jpPefguDvu
  Status: 400
  Error: {
  "type": "mapper_parsing_exception",
  "reason": "failed to parse field [data.age_at_diagnosis] of type [integer] in document with id 'l_ybf5cB34jpPefguDvu'. Preview of field's value: 'PD059918'",
  "caused_by": {
    "type": "number_format_exception",
    "reason": "For input string: \"PD059918\""
  }
}

Record 18:
  Document ID: mPybf5cB34jpPefguDvu
  Status: 400
  Error: {
  "type": "mapper_parsing_exception",
  "reason": "failed to parse field [data.age_at_diagnosis] of type [integer] in document with id 'mPybf5cB34jpPefguDvu'. Preview of field's value: 'PD059919'",
  "caused_by": {
    "type": "number_format_exception",
    "reason": "For input string: \"PD059919\""
  }
}

Record 19:
  Document ID: mfybf5cB34jpPefguDvu
  Status: 400
  Error: {
  "type": "mapper_parsing_exception",
  "reason": "failed to parse field [data.age_at_diagnosis] of type [integer] in document with id 'mfybf5cB34jpPefguDvu'. Preview of field's value: 'PD059920'",
  "caused_by": {
    "type": "number_format_exception",
    "reason": "For input string: \"PD059920\""
  }
}

Record 20:
  Document ID: mvybf5cB34jpPefguDvu
  Status: 400
  Error: {
  "type": "mapper_parsing_exception",
  "reason": "failed to parse field [data.age_at_diagnosis] of type [integer] in document with id 'mvybf5cB34jpPefguDvu'. Preview of field's value: 'PD059921'",
  "caused_by": {
    "type": "number_format_exception",
    "reason": "For input string: \"PD059921\""
  }
}

Record 21:
  Document ID: m_ybf5cB34jpPefguDvu
  Status: 400
  Error: {
  "type": "mapper_parsing_exception",
  "reason": "failed to parse field [data.age_at_diagnosis] of type [integer] in document with id 'm_ybf5cB34jpPefguDvu'. Preview of field's value: 'PD059922'",
  "caused_by": {
    "type": "number_format_exception",
    "reason": "For input string: \"PD059922\""
  }
}

Record 22:
  Document ID: nPybf5cB34jpPefguDvu
  Status: 400
  Error: {
  "type": "mapper_parsing_exception",
  "reason": "failed to parse field [data.age_at_diagnosis] of type [integer] in document with id 'nPybf5cB34jpPefguDvu'. Preview of field's value: 'PD059923'",
  "caused_by": {
    "type": "number_format_exception",
    "reason": "For input string: \"PD059923\""
  }
}

Record 23:
  Document ID: nfybf5cB34jpPefguDvu
  Status: 400
  Error: {
  "type": "mapper_parsing_exception",
  "reason": "failed to parse field [data.age_at_diagnosis] of type [integer] in document with id 'nfybf5cB34jpPefguDvu'. Preview of field's value: 'PD059924'",
  "caused_by": {
    "type": "number_format_exception",
    "reason": "For input string: \"PD059924\""
  }
}

Record 24:
  Document ID: nvybf5cB34jpPefguDvu
  Status: 400
  Error: {
  "type": "mapper_parsing_exception",
  "reason": "failed to parse field [data.age_at_diagnosis] of type [integer] in document with id 'nvybf5cB34jpPefguDvu'. Preview of field's value: 'PD059925'",
  "caused_by": {
    "type": "number_format_exception",
    "reason": "For input string: \"PD059925\""
  }
}

Record 25:
  Document ID: n_ybf5cB34jpPefguDvu
  Status: 400
  Error: {
  "type": "mapper_parsing_exception",
  "reason": "failed to parse field [data.age_at_diagnosis] of type [integer] in document with id 'n_ybf5cB34jpPefguDvu'. Preview of field's value: 'PD059926'",
  "caused_by": {
    "type": "number_format_exception",
    "reason": "For input string: \"PD059926\""
  }
}

Record 26:
  Document ID: oPybf5cB34jpPefguDvu
  Status: 400
  Error: {
  "type": "mapper_parsing_exception",
  "reason": "failed to parse field [data.age_at_diagnosis] of type [integer] in document with id 'oPybf5cB34jpPefguDvu'. Preview of field's value: 'PD059927'",
  "caused_by": {
    "type": "number_format_exception",
    "reason": "For input string: \"PD059927\""
  }
}

Record 27:
  Document ID: ofybf5cB34jpPefguDvu
  Status: 400
  Error: {
  "type": "mapper_parsing_exception",
  "reason": "failed to parse field [data.age_at_diagnosis] of type [integer] in document with id 'ofybf5cB34jpPefguDvu'. Preview of field's value: 'PD059928'",
  "caused_by": {
    "type": "number_format_exception",
    "reason": "For input string: \"PD059928\""
  }
}

Record 28:
  Document ID: ovybf5cB34jpPefguDvu
  Status: 400
  Error: {
  "type": "mapper_parsing_exception",
  "reason": "failed to parse field [data.age_at_diagnosis] of type [integer] in document with id 'ovybf5cB34jpPefguDvu'. Preview of field's value: 'PD059929'",
  "caused_by": {
    "type": "number_format_exception",
    "reason": "For input string: \"PD059929\""
  }
}

Record 29:
  Document ID: o_ybf5cB34jpPefguDvu
  Status: 400
  Error: {
  "type": "mapper_parsing_exception",
  "reason": "failed to parse field [data.age_at_diagnosis] of type [integer] in document with id 'o_ybf5cB34jpPefguDvu'. Preview of field's value: 'PD059930'",
  "caused_by": {
    "type": "number_format_exception",
    "reason": "For input string: \"PD059930\""
  }
}

Record 30:
  Document ID: pPybf5cB34jpPefguDvu
  Status: 400
  Error: {
  "type": "mapper_parsing_exception",
  "reason": "failed to parse field [data.age_at_diagnosis] of type [integer] in document with id 'pPybf5cB34jpPefguDvu'. Preview of field's value: 'PD059931'",
  "caused_by": {
    "type": "number_format_exception",
    "reason": "For input string: \"PD059931\""
  }
}

Record 31:
  Document ID: pfybf5cB34jpPefguDvu
  Status: 400
  Error: {
  "type": "mapper_parsing_exception",
  "reason": "failed to parse field [data.age_at_diagnosis] of type [integer] in document with id 'pfybf5cB34jpPefguDvu'. Preview of field's value: 'PD059932'",
  "caused_by": {
    "type": "number_format_exception",
    "reason": "For input string: \"PD059932\""
  }
}

Record 32:
  Document ID: pvybf5cB34jpPefguDvu
  Status: 400
  Error: {
  "type": "mapper_parsing_exception",
  "reason": "failed to parse field [data.age_at_diagnosis] of type [integer] in document with id 'pvybf5cB34jpPefguDvu'. Preview of field's value: 'PD059933'",
  "caused_by": {
    "type": "number_format_exception",
    "reason": "For input string: \"PD059933\""
  }
}

Record 33:
  Document ID: p_ybf5cB34jpPefguDvu
  Status: 400
  Error: {
  "type": "mapper_parsing_exception",
  "reason": "failed to parse field [data.age_at_diagnosis] of type [integer] in document with id 'p_ybf5cB34jpPefguDvu'. Preview of field's value: 'PD059934'",
  "caused_by": {
    "type": "number_format_exception",
    "reason": "For input string: \"PD059934\""
  }
}

Record 34:
  Document ID: qPybf5cB34jpPefguDvu
  Status: 400
  Error: {
  "type": "mapper_parsing_exception",
  "reason": "failed to parse field [data.age_at_diagnosis] of type [integer] in document with id 'qPybf5cB34jpPefguDvu'. Preview of field's value: 'PD059935'",
  "caused_by": {
    "type": "number_format_exception",
    "reason": "For input string: \"PD059935\""
  }
}

Record 35:
  Document ID: qfybf5cB34jpPefguDvu
  Status: 400
  Error: {
  "type": "mapper_parsing_exception",
  "reason": "failed to parse field [data.age_at_diagnosis] of type [integer] in document with id 'qfybf5cB34jpPefguDvu'. Preview of field's value: 'PD059936'",
  "caused_by": {
    "type": "number_format_exception",
    "reason": "For input string: \"PD059936\""
  }
}

Record 36:
  Document ID: qvybf5cB34jpPefguDvu
  Status: 400
  Error: {
  "type": "mapper_parsing_exception",
  "reason": "failed to parse field [data.age_at_diagnosis] of type [integer] in document with id 'qvybf5cB34jpPefguDvu'. Preview of field's value: 'PD059937'",
  "caused_by": {
    "type": "number_format_exception",
    "reason": "For input string: \"PD059937\""
  }
}

Record 37:
  Document ID: q_ybf5cB34jpPefguDvu
  Status: 400
  Error: {
  "type": "mapper_parsing_exception",
  "reason": "failed to parse field [data.age_at_diagnosis] of type [integer] in document with id 'q_ybf5cB34jpPefguDvu'. Preview of field's value: 'PD059938'",
  "caused_by": {
    "type": "number_format_exception",
    "reason": "For input string: \"PD059938\""
  }
}

Record 38:
  Document ID: rPybf5cB34jpPefguDvu
  Status: 400
  Error: {
  "type": "mapper_parsing_exception",
  "reason": "failed to parse field [data.age_at_diagnosis] of type [integer] in document with id 'rPybf5cB34jpPefguDvu'. Preview of field's value: 'PD059939'",
  "caused_by": {
    "type": "number_format_exception",
    "reason": "For input string: \"PD059939\""
  }
}

Record 39:
  Document ID: rfybf5cB34jpPefguDvu
  Status: 400
  Error: {
  "type": "mapper_parsing_exception",
  "reason": "failed to parse field [data.age_at_diagnosis] of type [integer] in document with id 'rfybf5cB34jpPefguDvu'. Preview of field's value: 'PD059940'",
  "caused_by": {
    "type": "number_format_exception",
    "reason": "For input string: \"PD059940\""
  }
}

Record 40:
  Document ID: rvybf5cB34jpPefguDvu
  Status: 400
  Error: {
  "type": "mapper_parsing_exception",
  "reason": "failed to parse field [data.age_at_diagnosis] of type [integer] in document with id 'rvybf5cB34jpPefguDvu'. Preview of field's value: 'PD059941'",
  "caused_by": {
    "type": "number_format_exception",
    "reason": "For input string: \"PD059941\""
  }
}

Record 41:
  Document ID: r_ybf5cB34jpPefguDvu
  Status: 400
  Error: {
  "type": "mapper_parsing_exception",
  "reason": "failed to parse field [data.age_at_diagnosis] of type [integer] in document with id 'r_ybf5cB34jpPefguDvu'. Preview of field's value: 'PD059942'",
  "caused_by": {
    "type": "number_format_exception",
    "reason": "For input string: \"PD059942\""
  }
}

Record 42:
  Document ID: sPybf5cB34jpPefguDvu
  Status: 400
  Error: {
  "type": "mapper_parsing_exception",
  "reason": "failed to parse field [data.age_at_diagnosis] of type [integer] in document with id 'sPybf5cB34jpPefguDvu'. Preview of field's value: 'PD059943'",
  "caused_by": {
    "type": "number_format_exception",
    "reason": "For input string: \"PD059943\""
  }
}

Record 43:
  Document ID: sfybf5cB34jpPefguDvu
  Status: 400
  Error: {
  "type": "mapper_parsing_exception",
  "reason": "failed to parse field [data.age_at_diagnosis] of type [integer] in document with id 'sfybf5cB34jpPefguDvu'. Preview of field's value: 'PD059944'",
  "caused_by": {
    "type": "number_format_exception",
    "reason": "For input string: \"PD059944\""
  }
}

Record 44:
  Document ID: svybf5cB34jpPefguDvu
  Status: 400
  Error: {
  "type": "mapper_parsing_exception",
  "reason": "failed to parse field [data.age_at_diagnosis] of type [integer] in document with id 'svybf5cB34jpPefguDvu'. Preview of field's value: 'PD059945'",
  "caused_by": {
    "type": "number_format_exception",
    "reason": "For input string: \"PD059945\""
  }
}

Record 45:
  Document ID: s_ybf5cB34jpPefguDvu
  Status: 400
  Error: {
  "type": "mapper_parsing_exception",
  "reason": "failed to parse field [data.age_at_diagnosis] of type [integer] in document with id 's_ybf5cB34jpPefguDvu'. Preview of field's value: 'PD059946'",
  "caused_by": {
    "type": "number_format_exception",
    "reason": "For input string: \"PD059946\""
  }
}

Record 46:
  Document ID: tPybf5cB34jpPefguDvu
  Status: 400
  Error: {
  "type": "mapper_parsing_exception",
  "reason": "failed to parse field [data.age_at_diagnosis] of type [integer] in document with id 'tPybf5cB34jpPefguDvu'. Preview of field's value: 'PD059947'",
  "caused_by": {
    "type": "number_format_exception",
    "reason": "For input string: \"PD059947\""
  }
}

Record 47:
  Document ID: tfybf5cB34jpPefguDvu
  Status: 400
  Error: {
  "type": "mapper_parsing_exception",
  "reason": "failed to parse field [data.age_at_diagnosis] of type [integer] in document with id 'tfybf5cB34jpPefguDvu'. Preview of field's value: 'PD059948'",
  "caused_by": {
    "type": "number_format_exception",
    "reason": "For input string: \"PD059948\""
  }
}

Record 48:
  Document ID: tvybf5cB34jpPefguDvu
  Status: 400
  Error: {
  "type": "mapper_parsing_exception",
  "reason": "failed to parse field [data.age_at_diagnosis] of type [integer] in document with id 'tvybf5cB34jpPefguDvu'. Preview of field's value: 'PD059949'",
  "caused_by": {
    "type": "number_format_exception",
    "reason": "For input string: \"PD059949\""
  }
}

Record 49:
  Document ID: t_ybf5cB34jpPefguDvu
  Status: 400
  Error: {
  "type": "mapper_parsing_exception",
  "reason": "failed to parse field [data.age_at_diagnosis] of type [integer] in document with id 't_ybf5cB34jpPefguDvu'. Preview of field's value: 'PD059950'",
  "caused_by": {
    "type": "number_format_exception",
    "reason": "For input string: \"PD059950\""
  }
}

Record 50:
  Document ID: uPybf5cB34jpPefguDvu
  Status: 400
  Error: {
  "type": "mapper_parsing_exception",
  "reason": "failed to parse field [data.age_at_diagnosis] of type [integer] in document with id 'uPybf5cB34jpPefguDvu'. Preview of field's value: 'PD059951'",
  "caused_by": {
    "type": "number_format_exception",
    "reason": "For input string: \"PD059951\""
  }
}

