Elasticsearch Bulk Operation Error Log
Index: datatable1-index
Timestamp: 2025-06-17T20:36:07.840Z
Total Errors: 51

ERROR PATTERNS:
================

1. mapper_parsing_exception in field "data.age_at_diagnosis"
   Reason: Expected integer, but got string values
   Count: 51 records
   Sample values: PD059901, PD059902, PD059903
   Sample documents: VPybf5cB34jpPefgNjoR, Vfybf5cB34jpPefgNjoR, Vvybf5cB34jpPefgNjoR


DETAILED ERRORS:
=================

Record 0:
  Document ID: VPybf5cB34jpPefgNjoR
  Status: 400
  Error: {
  "type": "mapper_parsing_exception",
  "reason": "failed to parse field [data.age_at_diagnosis] of type [integer] in document with id 'VPybf5cB34jpPefgNjoR'. Preview of field's value: 'PD059901'",
  "caused_by": {
    "type": "number_format_exception",
    "reason": "For input string: \"PD059901\""
  }
}

Record 1:
  Document ID: Vfybf5cB34jpPefgNjoR
  Status: 400
  Error: {
  "type": "mapper_parsing_exception",
  "reason": "failed to parse field [data.age_at_diagnosis] of type [integer] in document with id 'Vfybf5cB34jpPefgNjoR'. Preview of field's value: 'PD059902'",
  "caused_by": {
    "type": "number_format_exception",
    "reason": "For input string: \"PD059902\""
  }
}

Record 2:
  Document ID: Vvybf5cB34jpPefgNjoR
  Status: 400
  Error: {
  "type": "mapper_parsing_exception",
  "reason": "failed to parse field [data.age_at_diagnosis] of type [integer] in document with id 'Vvybf5cB34jpPefgNjoR'. Preview of field's value: 'PD059903'",
  "caused_by": {
    "type": "number_format_exception",
    "reason": "For input string: \"PD059903\""
  }
}

Record 3:
  Document ID: V_ybf5cB34jpPefgNjoR
  Status: 400
  Error: {
  "type": "mapper_parsing_exception",
  "reason": "failed to parse field [data.age_at_diagnosis] of type [integer] in document with id 'V_ybf5cB34jpPefgNjoR'. Preview of field's value: 'PD059904'",
  "caused_by": {
    "type": "number_format_exception",
    "reason": "For input string: \"PD059904\""
  }
}

Record 4:
  Document ID: WPybf5cB34jpPefgNjoR
  Status: 400
  Error: {
  "type": "mapper_parsing_exception",
  "reason": "failed to parse field [data.age_at_diagnosis] of type [integer] in document with id 'WPybf5cB34jpPefgNjoR'. Preview of field's value: 'PD059905'",
  "caused_by": {
    "type": "number_format_exception",
    "reason": "For input string: \"PD059905\""
  }
}

Record 5:
  Document ID: Wfybf5cB34jpPefgNjoR
  Status: 400
  Error: {
  "type": "mapper_parsing_exception",
  "reason": "failed to parse field [data.age_at_diagnosis] of type [integer] in document with id 'Wfybf5cB34jpPefgNjoR'. Preview of field's value: 'PD059906'",
  "caused_by": {
    "type": "number_format_exception",
    "reason": "For input string: \"PD059906\""
  }
}

Record 6:
  Document ID: Wvybf5cB34jpPefgNjoR
  Status: 400
  Error: {
  "type": "mapper_parsing_exception",
  "reason": "failed to parse field [data.age_at_diagnosis] of type [integer] in document with id 'Wvybf5cB34jpPefgNjoR'. Preview of field's value: 'PD059907'",
  "caused_by": {
    "type": "number_format_exception",
    "reason": "For input string: \"PD059907\""
  }
}

Record 7:
  Document ID: W_ybf5cB34jpPefgNjoR
  Status: 400
  Error: {
  "type": "mapper_parsing_exception",
  "reason": "failed to parse field [data.age_at_diagnosis] of type [integer] in document with id 'W_ybf5cB34jpPefgNjoR'. Preview of field's value: 'PD059908'",
  "caused_by": {
    "type": "number_format_exception",
    "reason": "For input string: \"PD059908\""
  }
}

Record 8:
  Document ID: XPybf5cB34jpPefgNjoR
  Status: 400
  Error: {
  "type": "mapper_parsing_exception",
  "reason": "failed to parse field [data.age_at_diagnosis] of type [integer] in document with id 'XPybf5cB34jpPefgNjoR'. Preview of field's value: 'PD059909'",
  "caused_by": {
    "type": "number_format_exception",
    "reason": "For input string: \"PD059909\""
  }
}

Record 9:
  Document ID: Xfybf5cB34jpPefgNjoR
  Status: 400
  Error: {
  "type": "mapper_parsing_exception",
  "reason": "failed to parse field [data.age_at_diagnosis] of type [integer] in document with id 'Xfybf5cB34jpPefgNjoR'. Preview of field's value: 'PD059910'",
  "caused_by": {
    "type": "number_format_exception",
    "reason": "For input string: \"PD059910\""
  }
}

Record 10:
  Document ID: Xvybf5cB34jpPefgNjoR
  Status: 400
  Error: {
  "type": "mapper_parsing_exception",
  "reason": "failed to parse field [data.age_at_diagnosis] of type [integer] in document with id 'Xvybf5cB34jpPefgNjoR'. Preview of field's value: 'PD059911'",
  "caused_by": {
    "type": "number_format_exception",
    "reason": "For input string: \"PD059911\""
  }
}

Record 11:
  Document ID: X_ybf5cB34jpPefgNjoR
  Status: 400
  Error: {
  "type": "mapper_parsing_exception",
  "reason": "failed to parse field [data.age_at_diagnosis] of type [integer] in document with id 'X_ybf5cB34jpPefgNjoR'. Preview of field's value: 'PD059912'",
  "caused_by": {
    "type": "number_format_exception",
    "reason": "For input string: \"PD059912\""
  }
}

Record 12:
  Document ID: YPybf5cB34jpPefgNjoR
  Status: 400
  Error: {
  "type": "mapper_parsing_exception",
  "reason": "failed to parse field [data.age_at_diagnosis] of type [integer] in document with id 'YPybf5cB34jpPefgNjoR'. Preview of field's value: 'PD059913'",
  "caused_by": {
    "type": "number_format_exception",
    "reason": "For input string: \"PD059913\""
  }
}

Record 13:
  Document ID: Yfybf5cB34jpPefgNjoR
  Status: 400
  Error: {
  "type": "mapper_parsing_exception",
  "reason": "failed to parse field [data.age_at_diagnosis] of type [integer] in document with id 'Yfybf5cB34jpPefgNjoR'. Preview of field's value: 'PD059914'",
  "caused_by": {
    "type": "number_format_exception",
    "reason": "For input string: \"PD059914\""
  }
}

Record 14:
  Document ID: Yvybf5cB34jpPefgNjoR
  Status: 400
  Error: {
  "type": "mapper_parsing_exception",
  "reason": "failed to parse field [data.age_at_diagnosis] of type [integer] in document with id 'Yvybf5cB34jpPefgNjoR'. Preview of field's value: 'PD059915'",
  "caused_by": {
    "type": "number_format_exception",
    "reason": "For input string: \"PD059915\""
  }
}

Record 15:
  Document ID: Y_ybf5cB34jpPefgNjoR
  Status: 400
  Error: {
  "type": "mapper_parsing_exception",
  "reason": "failed to parse field [data.age_at_diagnosis] of type [integer] in document with id 'Y_ybf5cB34jpPefgNjoR'. Preview of field's value: 'PD059916'",
  "caused_by": {
    "type": "number_format_exception",
    "reason": "For input string: \"PD059916\""
  }
}

Record 16:
  Document ID: ZPybf5cB34jpPefgNjoR
  Status: 400
  Error: {
  "type": "mapper_parsing_exception",
  "reason": "failed to parse field [data.age_at_diagnosis] of type [integer] in document with id 'ZPybf5cB34jpPefgNjoR'. Preview of field's value: 'PD059917'",
  "caused_by": {
    "type": "number_format_exception",
    "reason": "For input string: \"PD059917\""
  }
}

Record 17:
  Document ID: Zfybf5cB34jpPefgNjoR
  Status: 400
  Error: {
  "type": "mapper_parsing_exception",
  "reason": "failed to parse field [data.age_at_diagnosis] of type [integer] in document with id 'Zfybf5cB34jpPefgNjoR'. Preview of field's value: 'PD059918'",
  "caused_by": {
    "type": "number_format_exception",
    "reason": "For input string: \"PD059918\""
  }
}

Record 18:
  Document ID: Zvybf5cB34jpPefgNjoR
  Status: 400
  Error: {
  "type": "mapper_parsing_exception",
  "reason": "failed to parse field [data.age_at_diagnosis] of type [integer] in document with id 'Zvybf5cB34jpPefgNjoR'. Preview of field's value: 'PD059919'",
  "caused_by": {
    "type": "number_format_exception",
    "reason": "For input string: \"PD059919\""
  }
}

Record 19:
  Document ID: Z_ybf5cB34jpPefgNjoR
  Status: 400
  Error: {
  "type": "mapper_parsing_exception",
  "reason": "failed to parse field [data.age_at_diagnosis] of type [integer] in document with id 'Z_ybf5cB34jpPefgNjoR'. Preview of field's value: 'PD059920'",
  "caused_by": {
    "type": "number_format_exception",
    "reason": "For input string: \"PD059920\""
  }
}

Record 20:
  Document ID: aPybf5cB34jpPefgNjoR
  Status: 400
  Error: {
  "type": "mapper_parsing_exception",
  "reason": "failed to parse field [data.age_at_diagnosis] of type [integer] in document with id 'aPybf5cB34jpPefgNjoR'. Preview of field's value: 'PD059921'",
  "caused_by": {
    "type": "number_format_exception",
    "reason": "For input string: \"PD059921\""
  }
}

Record 21:
  Document ID: afybf5cB34jpPefgNjoR
  Status: 400
  Error: {
  "type": "mapper_parsing_exception",
  "reason": "failed to parse field [data.age_at_diagnosis] of type [integer] in document with id 'afybf5cB34jpPefgNjoR'. Preview of field's value: 'PD059922'",
  "caused_by": {
    "type": "number_format_exception",
    "reason": "For input string: \"PD059922\""
  }
}

Record 22:
  Document ID: avybf5cB34jpPefgNjoR
  Status: 400
  Error: {
  "type": "mapper_parsing_exception",
  "reason": "failed to parse field [data.age_at_diagnosis] of type [integer] in document with id 'avybf5cB34jpPefgNjoR'. Preview of field's value: 'PD059923'",
  "caused_by": {
    "type": "number_format_exception",
    "reason": "For input string: \"PD059923\""
  }
}

Record 23:
  Document ID: a_ybf5cB34jpPefgNjoR
  Status: 400
  Error: {
  "type": "mapper_parsing_exception",
  "reason": "failed to parse field [data.age_at_diagnosis] of type [integer] in document with id 'a_ybf5cB34jpPefgNjoR'. Preview of field's value: 'PD059924'",
  "caused_by": {
    "type": "number_format_exception",
    "reason": "For input string: \"PD059924\""
  }
}

Record 24:
  Document ID: bPybf5cB34jpPefgNjoR
  Status: 400
  Error: {
  "type": "mapper_parsing_exception",
  "reason": "failed to parse field [data.age_at_diagnosis] of type [integer] in document with id 'bPybf5cB34jpPefgNjoR'. Preview of field's value: 'PD059925'",
  "caused_by": {
    "type": "number_format_exception",
    "reason": "For input string: \"PD059925\""
  }
}

Record 25:
  Document ID: bfybf5cB34jpPefgNjoR
  Status: 400
  Error: {
  "type": "mapper_parsing_exception",
  "reason": "failed to parse field [data.age_at_diagnosis] of type [integer] in document with id 'bfybf5cB34jpPefgNjoR'. Preview of field's value: 'PD059926'",
  "caused_by": {
    "type": "number_format_exception",
    "reason": "For input string: \"PD059926\""
  }
}

Record 26:
  Document ID: bvybf5cB34jpPefgNjoR
  Status: 400
  Error: {
  "type": "mapper_parsing_exception",
  "reason": "failed to parse field [data.age_at_diagnosis] of type [integer] in document with id 'bvybf5cB34jpPefgNjoR'. Preview of field's value: 'PD059927'",
  "caused_by": {
    "type": "number_format_exception",
    "reason": "For input string: \"PD059927\""
  }
}

Record 27:
  Document ID: b_ybf5cB34jpPefgNjoR
  Status: 400
  Error: {
  "type": "mapper_parsing_exception",
  "reason": "failed to parse field [data.age_at_diagnosis] of type [integer] in document with id 'b_ybf5cB34jpPefgNjoR'. Preview of field's value: 'PD059928'",
  "caused_by": {
    "type": "number_format_exception",
    "reason": "For input string: \"PD059928\""
  }
}

Record 28:
  Document ID: cPybf5cB34jpPefgNjoR
  Status: 400
  Error: {
  "type": "mapper_parsing_exception",
  "reason": "failed to parse field [data.age_at_diagnosis] of type [integer] in document with id 'cPybf5cB34jpPefgNjoR'. Preview of field's value: 'PD059929'",
  "caused_by": {
    "type": "number_format_exception",
    "reason": "For input string: \"PD059929\""
  }
}

Record 29:
  Document ID: cfybf5cB34jpPefgNjoR
  Status: 400
  Error: {
  "type": "mapper_parsing_exception",
  "reason": "failed to parse field [data.age_at_diagnosis] of type [integer] in document with id 'cfybf5cB34jpPefgNjoR'. Preview of field's value: 'PD059930'",
  "caused_by": {
    "type": "number_format_exception",
    "reason": "For input string: \"PD059930\""
  }
}

Record 30:
  Document ID: cvybf5cB34jpPefgNjoR
  Status: 400
  Error: {
  "type": "mapper_parsing_exception",
  "reason": "failed to parse field [data.age_at_diagnosis] of type [integer] in document with id 'cvybf5cB34jpPefgNjoR'. Preview of field's value: 'PD059931'",
  "caused_by": {
    "type": "number_format_exception",
    "reason": "For input string: \"PD059931\""
  }
}

Record 31:
  Document ID: c_ybf5cB34jpPefgNjoR
  Status: 400
  Error: {
  "type": "mapper_parsing_exception",
  "reason": "failed to parse field [data.age_at_diagnosis] of type [integer] in document with id 'c_ybf5cB34jpPefgNjoR'. Preview of field's value: 'PD059932'",
  "caused_by": {
    "type": "number_format_exception",
    "reason": "For input string: \"PD059932\""
  }
}

Record 32:
  Document ID: dPybf5cB34jpPefgNjoR
  Status: 400
  Error: {
  "type": "mapper_parsing_exception",
  "reason": "failed to parse field [data.age_at_diagnosis] of type [integer] in document with id 'dPybf5cB34jpPefgNjoR'. Preview of field's value: 'PD059933'",
  "caused_by": {
    "type": "number_format_exception",
    "reason": "For input string: \"PD059933\""
  }
}

Record 33:
  Document ID: dfybf5cB34jpPefgNjoR
  Status: 400
  Error: {
  "type": "mapper_parsing_exception",
  "reason": "failed to parse field [data.age_at_diagnosis] of type [integer] in document with id 'dfybf5cB34jpPefgNjoR'. Preview of field's value: 'PD059934'",
  "caused_by": {
    "type": "number_format_exception",
    "reason": "For input string: \"PD059934\""
  }
}

Record 34:
  Document ID: dvybf5cB34jpPefgNjoR
  Status: 400
  Error: {
  "type": "mapper_parsing_exception",
  "reason": "failed to parse field [data.age_at_diagnosis] of type [integer] in document with id 'dvybf5cB34jpPefgNjoR'. Preview of field's value: 'PD059935'",
  "caused_by": {
    "type": "number_format_exception",
    "reason": "For input string: \"PD059935\""
  }
}

Record 35:
  Document ID: d_ybf5cB34jpPefgNjoR
  Status: 400
  Error: {
  "type": "mapper_parsing_exception",
  "reason": "failed to parse field [data.age_at_diagnosis] of type [integer] in document with id 'd_ybf5cB34jpPefgNjoR'. Preview of field's value: 'PD059936'",
  "caused_by": {
    "type": "number_format_exception",
    "reason": "For input string: \"PD059936\""
  }
}

Record 36:
  Document ID: ePybf5cB34jpPefgNjoR
  Status: 400
  Error: {
  "type": "mapper_parsing_exception",
  "reason": "failed to parse field [data.age_at_diagnosis] of type [integer] in document with id 'ePybf5cB34jpPefgNjoR'. Preview of field's value: 'PD059937'",
  "caused_by": {
    "type": "number_format_exception",
    "reason": "For input string: \"PD059937\""
  }
}

Record 37:
  Document ID: efybf5cB34jpPefgNjoR
  Status: 400
  Error: {
  "type": "mapper_parsing_exception",
  "reason": "failed to parse field [data.age_at_diagnosis] of type [integer] in document with id 'efybf5cB34jpPefgNjoR'. Preview of field's value: 'PD059938'",
  "caused_by": {
    "type": "number_format_exception",
    "reason": "For input string: \"PD059938\""
  }
}

Record 38:
  Document ID: evybf5cB34jpPefgNjoR
  Status: 400
  Error: {
  "type": "mapper_parsing_exception",
  "reason": "failed to parse field [data.age_at_diagnosis] of type [integer] in document with id 'evybf5cB34jpPefgNjoR'. Preview of field's value: 'PD059939'",
  "caused_by": {
    "type": "number_format_exception",
    "reason": "For input string: \"PD059939\""
  }
}

Record 39:
  Document ID: e_ybf5cB34jpPefgNjoR
  Status: 400
  Error: {
  "type": "mapper_parsing_exception",
  "reason": "failed to parse field [data.age_at_diagnosis] of type [integer] in document with id 'e_ybf5cB34jpPefgNjoR'. Preview of field's value: 'PD059940'",
  "caused_by": {
    "type": "number_format_exception",
    "reason": "For input string: \"PD059940\""
  }
}

Record 40:
  Document ID: fPybf5cB34jpPefgNjoR
  Status: 400
  Error: {
  "type": "mapper_parsing_exception",
  "reason": "failed to parse field [data.age_at_diagnosis] of type [integer] in document with id 'fPybf5cB34jpPefgNjoR'. Preview of field's value: 'PD059941'",
  "caused_by": {
    "type": "number_format_exception",
    "reason": "For input string: \"PD059941\""
  }
}

Record 41:
  Document ID: ffybf5cB34jpPefgNjoR
  Status: 400
  Error: {
  "type": "mapper_parsing_exception",
  "reason": "failed to parse field [data.age_at_diagnosis] of type [integer] in document with id 'ffybf5cB34jpPefgNjoR'. Preview of field's value: 'PD059942'",
  "caused_by": {
    "type": "number_format_exception",
    "reason": "For input string: \"PD059942\""
  }
}

Record 42:
  Document ID: fvybf5cB34jpPefgNjoR
  Status: 400
  Error: {
  "type": "mapper_parsing_exception",
  "reason": "failed to parse field [data.age_at_diagnosis] of type [integer] in document with id 'fvybf5cB34jpPefgNjoR'. Preview of field's value: 'PD059943'",
  "caused_by": {
    "type": "number_format_exception",
    "reason": "For input string: \"PD059943\""
  }
}

Record 43:
  Document ID: f_ybf5cB34jpPefgNjoR
  Status: 400
  Error: {
  "type": "mapper_parsing_exception",
  "reason": "failed to parse field [data.age_at_diagnosis] of type [integer] in document with id 'f_ybf5cB34jpPefgNjoR'. Preview of field's value: 'PD059944'",
  "caused_by": {
    "type": "number_format_exception",
    "reason": "For input string: \"PD059944\""
  }
}

Record 44:
  Document ID: gPybf5cB34jpPefgNjoR
  Status: 400
  Error: {
  "type": "mapper_parsing_exception",
  "reason": "failed to parse field [data.age_at_diagnosis] of type [integer] in document with id 'gPybf5cB34jpPefgNjoR'. Preview of field's value: 'PD059945'",
  "caused_by": {
    "type": "number_format_exception",
    "reason": "For input string: \"PD059945\""
  }
}

Record 45:
  Document ID: gfybf5cB34jpPefgNjoR
  Status: 400
  Error: {
  "type": "mapper_parsing_exception",
  "reason": "failed to parse field [data.age_at_diagnosis] of type [integer] in document with id 'gfybf5cB34jpPefgNjoR'. Preview of field's value: 'PD059946'",
  "caused_by": {
    "type": "number_format_exception",
    "reason": "For input string: \"PD059946\""
  }
}

Record 46:
  Document ID: gvybf5cB34jpPefgNjoR
  Status: 400
  Error: {
  "type": "mapper_parsing_exception",
  "reason": "failed to parse field [data.age_at_diagnosis] of type [integer] in document with id 'gvybf5cB34jpPefgNjoR'. Preview of field's value: 'PD059947'",
  "caused_by": {
    "type": "number_format_exception",
    "reason": "For input string: \"PD059947\""
  }
}

Record 47:
  Document ID: g_ybf5cB34jpPefgNjoR
  Status: 400
  Error: {
  "type": "mapper_parsing_exception",
  "reason": "failed to parse field [data.age_at_diagnosis] of type [integer] in document with id 'g_ybf5cB34jpPefgNjoR'. Preview of field's value: 'PD059948'",
  "caused_by": {
    "type": "number_format_exception",
    "reason": "For input string: \"PD059948\""
  }
}

Record 48:
  Document ID: hPybf5cB34jpPefgNjoR
  Status: 400
  Error: {
  "type": "mapper_parsing_exception",
  "reason": "failed to parse field [data.age_at_diagnosis] of type [integer] in document with id 'hPybf5cB34jpPefgNjoR'. Preview of field's value: 'PD059949'",
  "caused_by": {
    "type": "number_format_exception",
    "reason": "For input string: \"PD059949\""
  }
}

Record 49:
  Document ID: hfybf5cB34jpPefgNjoR
  Status: 400
  Error: {
  "type": "mapper_parsing_exception",
  "reason": "failed to parse field [data.age_at_diagnosis] of type [integer] in document with id 'hfybf5cB34jpPefgNjoR'. Preview of field's value: 'PD059950'",
  "caused_by": {
    "type": "number_format_exception",
    "reason": "For input string: \"PD059950\""
  }
}

Record 50:
  Document ID: hvybf5cB34jpPefgNjoR
  Status: 400
  Error: {
  "type": "mapper_parsing_exception",
  "reason": "failed to parse field [data.age_at_diagnosis] of type [integer] in document with id 'hvybf5cB34jpPefgNjoR'. Preview of field's value: 'PD059951'",
  "caused_by": {
    "type": "number_format_exception",
    "reason": "For input string: \"PD059951\""
  }
}

